Arguments: 
  /usr/local/Cellar/node/18.2.0/bin/node /usr/local/Cellar/yarn/1.22.19/libexec/bin/yarn.js

PATH: 
  /usr/local/bin:/usr/bin:/bin:/usr/sbin:/sbin:/Library/Apple/usr/bin

Yarn version: 
  1.22.19

Node version: 
  18.2.0

Platform: 
  darwin x64

Trace: 
  Error: https://registry.yarnpkg.com/react: ETIMEDOUT
      at Timeout._onTimeout (/usr/local/Cellar/yarn/1.22.19/libexec/lib/cli.js:141550:19)
      at listOnTimeout (node:internal/timers:564:17)
      at process.processTimers (node:internal/timers:507:7)

npm manifest: 
  {
    "name": "portifolio",
    "private": true,
    "version": "0.0.0",
    "scripts": {
      "dev": "vite",
      "build": "tsc && vite build",
      "preview": "vite preview"
    },
    "dependencies": {
      "react": "^18.0.0",
      "react-dom": "^18.0.0"
    },
    "devDependencies": {
      "@types/react": "^18.0.0",
      "@types/react-dom": "^18.0.0",
      "@vitejs/plugin-react": "^1.3.0",
      "typescript": "^4.6.3",
      "vite": "^2.9.9"
    }
  }

yarn manifest: 
  No manifest

Lockfile: 
  No lockfile
